1 33
1 180
1 216
1 54
1 0
1 296
1 259
1 75
1 65
1 212
1 116
1 36
1 213
1 221
1 80
1 167
1 85
1 127
1 13
1 161
1 95
1 249
1 103
1 179
1 234
1 156
1 285
1 294
1 260
1 203
1 148
1 271
1 87
1 108
1 290
1 276
1 162
1 164
1 62
1 63
1 185
1 68
1 96
1 282
1 92
1 159
1 107
1 242
1 15
1 168
1 133
1 243
1 121
1 111
1 273
1 114
1 41
1 184
1 12
1 245
1 226
1 244
1 258
1 284
1 74
1 141
1 19
1 150
1 11
1 265
1 224
1 21
1 181
1 10
1 125
1 112
1 72
1 105
1 59
1 214
1 101
1 110
1 119
1 88
1 275
1 170
1 256
1 288
1 152
1 293
1 201
1 218
1 196
1 106
1 219
1 48
1 39
1 98
1 136
1 89
