1 6975
1 8232
1 2863
1 8450
1 2820
1 820
1 1666
1 2139
1 7678
1 3153
1 3155
1 3171
1 9670
1 5634
1 8709
1 1711
1 1788
1 1408
1 3883
1 6190
1 6507
1 9189
1 3452
1 5832
1 8653
1 207
1 6430
1 2600
1 5371
1 3160
1 2182
1 526
1 7995
1 6781
1 2758
1 3384
1 42
1 5604
1 4935
1 7609
1 9861
1 9141
1 8725
1 3387
1 8346
1 188
1 295
1 4182
1 7277
1 2417
1 1813
1 3516
1 7324
1 8948
1 3117
1 9371
1 3249
1 8896
1 2717
1 4974
1 1577
1 1387
1 4764
1 2874
1 4052
1 6812
1 7545
1 1179
1 5500
1 4759
1 5046
1 3448
1 3511
1 577
1 8394
1 2038
1 1808
1 8440
1 6198
1 9328
1 7849
1 4172
1 660
1 2234
1 2870
1 9488
1 602
1 3922
1 9054
1 9858
1 7735
1 3256
1 5955
1 9688
1 6021
1 3123
1 3766
1 7179
1 4757
1 4904
1 8595
1 9151
1 5262
1 5254
1 551
1 9992
1 3060
1 7759
1 835
1 5266
1 1785
1 3216
1 6796
1 701
1 1415
1 7708
1 9058
1 8267
1 5959
1 553
1 687
1 4433
1 477
1 839
1 9053
1 7006
1 1359
1 6428
1 6603
1 1579
1 570
1 3911
1 2930
1 9543
1 8103
1 8980
1 1595
1 8172
1 3590
1 5595
1 9435
1 8833
1 1434
1 8152
1 8044
1 1764
1 552
1 4632
1 3782
1 1030
1 1134
1 7576
1 8339
1 1572
1 4189
1 2995
1 3815
1 288
1 1407
1 4115
1 8039
1 4634
1 3042
1 3233
1 9166
1 395
1 2442
1 4574
1 816
1 3592
1 9561
1 4611
1 6261
1 1312
1 8551
1 2922
1 7427
1 5014
1 6488
1 3877
1 3991
1 6756
1 6340
1 2854
1 7833
1 7251
1 4099
1 8786
1 256
1 1386
1 7080
1 5465
1 2822
1 281
1 152
1 5966
1 9446
1 1566
1 8027
1 4474
1 4944
1 2351
1 4077
1 3709
1 929
1 8246
1 156
1 7883
1 4753
1 4123
1 8584
1 9764
1 7648
1 6229
1 528
1 7566
1 8835
1 5815
1 7245
1 6754
1 3128
1 9111
1 4071
1 3412
1 811
1 3169
1 2711
1 1909
1 1641
1 5130
1 3417
1 3671
1 8546
1 187
1 5798
1 4318
1 6578
1 4338
1 1048
1 862
1 3316
1 9200
1 4309
1 7148
1 9601
1 2524
1 7918
1 7653
1 1779
1 3210
1 7380
1 9891
1 1700
1 3875
1 493
1 1756
1 3873
1 9940
1 6152
1 5360
1 1442
1 6556
1 3775
1 1330
1 5865
1 5057
1 7439
1 8143
1 6211
1 3425
1 220
1 5233
1 6600
1 1614
1 2202
1 8078
1 8717
1 7065
1 2849
1 1377
1 4976
1 7613
1 5195
1 5245
1 2766
1 6933
1 4442
1 9215
1 49
1 2263
1 7331
1 8858
1 9635
1 691
1 7851
1 175
1 5867
1 8085
1 7539
1 4170
1 5476
1 5388
1 6669
1 957
1 2368
1 446
1 389
1 7782
1 5532
1 2335
1 9662
1 8121
1 2414
1 6032
1 2734
1 5354
1 4662
1 2280
1 6197
1 9014
1 138
1 3579
1 7937
1 9219
1 586
1 4616
1 5835
1 8407
1 7674
1 2916
1 666
1 5436
1 6765
1 736
1 5583
1 9211
1 9038
1 3183
1 5201
1 1826
1 7662
1 3198
1 6425
1 2440
1 6257
1 2228
1 2795
1 555
1 9236
1 6423
